Log file open, 05/09/15 11:28:12
LogInit:Display: Running engine for game: KinectFinalProj
LogInit: Version: 4.7.6-2513093+++depot+UE4-Releases+4.7
LogInit: API Version: 2455222
LogInit: Compiled (64-bit): Apr 15 2015 12:09:54
LogInit: Compiled with Visual C++: 18.00.21005.01
LogInit: Build Configuration: Development
LogInit: Branch Name: ++depot+UE4-Releases+4.7
LogInit: Command line:  
LogInit: Base directory: F:/Program Files/EpicGames/Epic Games/4.7/Engine/Binaries/Win64/
LogInit: Rocket: 1
[2015.05.09-16.28.12:057][  0]LogTaskGraph: Started task graph with 3 named threads and 6 total threads.
[2015.05.09-16.28.12:125][  0]LogOnline:Warning: No default platform service specified for OnlineSubsystem
[2015.05.09-16.28.12:149][  0]LogInit: Presizing for 0 objects not considered by GC, pre-allocating 0 bytes.
[2015.05.09-16.28.12:165][  0]LogInit: Object subsystem initialized
[2015.05.09-16.28.12:168][  0]LogConsoleResponse:Warning: Skipping Unknown console variable: 'TranslucentSortAxis = (X=0.000000,Y=-1.000000,Z=0.000000)'
[2015.05.09-16.28.12:168][  0]LogConsoleResponse:Warning:   Found in ini file 'F:/Unreal/Projects/KinectFinalProj/Saved/Config/Windows/Engine.ini', in section '[/Script/Engine.RendererSettings]'
[2015.05.09-16.28.12:168][  0]LogConsoleResponse:Warning: Skipping Unknown console variable: 'UIScaleRule = ShortestSide'
[2015.05.09-16.28.12:168][  0]LogConsoleResponse:Warning:   Found in ini file 'F:/Unreal/Projects/KinectFinalProj/Saved/Config/Windows/Engine.ini', in section '[/Script/Engine.RendererSettings]'
[2015.05.09-16.28.12:168][  0]LogConsoleResponse:Warning: Skipping Unknown console variable: 'UIScaleCurve = (EditorCurveData=(Keys=),ExternalCurve=None)'
[2015.05.09-16.28.12:168][  0]LogConsoleResponse:Warning:   Found in ini file 'F:/Unreal/Projects/KinectFinalProj/Saved/Config/Windows/Engine.ini', in section '[/Script/Engine.RendererSettings]'
[2015.05.09-16.28.12:169][  0]LogInit: Selected Device Profile: [Windows]
[2015.05.09-16.28.12:169][  0]LogInit: Applying CVar settings loaded from the selected device profile: [Windows]
[2015.05.09-16.28.12:177][  0]LogInit: Computer: MATTWINDOWS10
[2015.05.09-16.28.12:177][  0]LogInit: User: MattSides734
[2015.05.09-16.28.12:177][  0]LogInit: CPU Page size=4096, Cores=4
[2015.05.09-16.28.12:177][  0]LogInit: High frequency timer resolution =2.604257 MHz
[2015.05.09-16.28.12:177][  0]LogMemory: Memory total: Physical=16.0GB (16GB approx) Virtual=131072.0GB
[2015.05.09-16.28.12:178][  0]LogMemory: Platform Memory Stats for Windows
[2015.05.09-16.28.12:178][  0]LogMemory: Process Physical Memory: 49.85 MB used, 49.85 MB peak
[2015.05.09-16.28.12:178][  0]LogMemory: Process Virtual Memory: 24.77 MB used, 24.78 MB peak
[2015.05.09-16.28.12:178][  0]LogMemory: Physical Memory: 6849.00 MB used, 16373.08 MB total
[2015.05.09-16.28.12:178][  0]LogMemory: Virtual Memory: 307.50 MB used, 134217728.00 MB total
[2015.05.09-16.28.12:285][  0]LogD3D11RHI: Found D3D11 adapter 0: NVIDIA GeForce GTX 760 (Feature Level 11_0)
[2015.05.09-16.28.12:285][  0]LogD3D11RHI: Adapter has 1990MB of dedicated video memory, 0MB of dedicated system memory, and 8186MB of shared system memory, 1 output[s]
[2015.05.09-16.28.12:287][  0]LogD3D11RHI: Found D3D11 adapter 1: Microsoft Basic Render Driver (Feature Level 11_0)
[2015.05.09-16.28.12:287][  0]LogD3D11RHI: Adapter has 0MB of dedicated video memory, 0MB of dedicated system memory, and 8186MB of shared system memory, 0 output[s]
[2015.05.09-16.28.12:287][  0]LogD3D11RHI: Chosen D3D11 Adapter Id = 0
[2015.05.09-16.28.12:294][  0]LogRHI: Texture pool is 1361 MB (70% of 1945 MB)
[2015.05.09-16.28.12:312][  0]LogD3D11RHI: Async texture creation enabled
[2015.05.09-16.28.12:386][  0]LogTextLocalizationManager: The requested culture ('en_US') has no localization data; parent culture's ('en') localization data will be used.
[2015.05.09-16.28.12:467][  0]LogTextLocalizationManager:Warning: Loading localization resources contain conflicting entries for (Namespace:UICommands, Key:Save_ToolTip):
Resource: (F:/Program Files/EpicGames/Epic Games/4.7/Engine/Content/Localization/Editor/en/Editor.locres) Hash: (-29098895) String: (Saves the current level to disk)
Resource: (F:/Program Files/EpicGames/Epic Games/4.7/Engine/Content/Localization/Engine/en/Engine.locres) Hash: (-1280300587) String: (Save selected data to vlog file)
[2015.05.09-16.28.12:467][  0]LogTextLocalizationManager:Warning: Loading localization resources contain conflicting entries for (Namespace:ContentBrowser, Key:ImportAssetToolTip):
Resource: (F:/Program Files/EpicGames/Epic Games/4.7/Engine/Content/Localization/Editor/en/Editor.locres) Hash: (-630476809) String: (Import to {0}...)
Resource: (F:/Program Files/EpicGames/Epic Games/4.7/Engine/Content/Localization/Editor/en/Editor.locres) Hash: (1271782899) String: (Imports an asset from file to this folder.)
[2015.05.09-16.28.12:572][  0]LogContentStreaming: Texture pool size is 0.000000MB
[2015.05.09-16.28.15:808][  0]LogTargetPlatformManager:Display: Building Assets For Windows
[2015.05.09-16.28.16:431][  0]LogTargetPlatformManager:Display: Building Assets For Windows
[2015.05.09-16.28.16:555][  0]LogDerivedDataCache:Display: Max Cache Size: 512 MB
[2015.05.09-16.28.16:627][  0]LogDerivedDataCache: Loaded boot cache 0.07s 44MB C:/Users/MattSides734/AppData/Local/UnrealEngine/4.7/DerivedDataCache/Boot.ddc.
[2015.05.09-16.28.16:627][  0]LogDerivedDataCache:Display: Loaded Boot cache: C:/Users/MattSides734/AppData/Local/UnrealEngine/4.7/DerivedDataCache/Boot.ddc
[2015.05.09-16.28.16:627][  0]LogDerivedDataCache: FDerivedDataBackendGraph:  Pak pak cache file ../../../../../../../Unreal/Projects/KinectFinalProj/DerivedDataCache/DDC.ddp not found, will not use a pak cache.
[2015.05.09-16.28.16:627][  0]LogDerivedDataCache: Unable to find inner node Pak for hierarchical cache Hierarchy.
[2015.05.09-16.28.16:788][  0]LogDerivedDataCache:Display: Pak cache opened for reading ../../../Engine/DerivedDataCache/Compressed.ddp.
[2015.05.09-16.28.16:800][  0]LogDerivedDataCache: Using Local data cache path C:/Users/MattSides734/AppData/Local/UnrealEngine/Common/DerivedDataCache: Writable
[2015.05.09-16.28.17:215][  0]LogMeshUtilities: No automatic mesh reduction module available
[2015.05.09-16.28.17:215][  0]LogMeshUtilities: No automatic mesh merging module available
[2015.05.09-16.28.17:822][  0]LogInit: WinSock: version 1.1 (2.2), MaxSocks=32767, MaxUdp=65467
[2015.05.09-16.28.17:929][  0]LogSlate:Warning: Failed to load font data from '../../../Engine/Content/Slate/Fonts/Roboto-Italic.ttf'
[2015.05.09-16.28.19:187][  0]UdpMessaging: Initializing bridge on interface 0.0.0.0:0 to multicast group 230.0.0.1:6666.
[2015.05.09-16.28.19:453][  0]SourceControl: Info Source control is disabled
[2015.05.09-16.28.19:453][  0]SourceControl: Info Source control is disabled
[2015.05.09-16.28.19:453][  0]SourceControl: Info Source control is disabled
[2015.05.09-16.28.19:453][  0]LogSourceControl: RunCommandInternalRaw: 'git version'
[2015.05.09-16.28.19:453][  0]LogSourceControl: RunCommandInternalRaw: ExecProcess ReturnCode=2 OutResults=''
[2015.05.09-16.28.19:466][  0]SourceControl: Info Source control is disabled
[2015.05.09-16.28.19:715][  0]LogObj: 24529 objects as part of root set at end of initial load.
[2015.05.09-16.28.19:715][  0]LogUObjectAllocator: 5197672 out of 0 bytes used by permanent object pool.
[2015.05.09-16.28.19:841][  0]LogEngine: Initializing Engine...
[2015.05.09-16.28.22:085][  0]LogInit: XAudio2 using 'Speakers (Realtek High Definition Audio)' : 2 channels at 48 kHz using 32 bits per sample (channel mask 0x3)
[2015.05.09-16.28.22:101][  0]LogInit: FAudioDevice initialized.
[2015.05.09-16.28.22:159][  0]LogAIModule: Creating AISystem for world NewWorld
[2015.05.09-16.28.22:194][  0]LogDerivedDataCache: Saved boot cache 0.03s 44MB C:/Users/MattSides734/AppData/Local/UnrealEngine/4.7/DerivedDataCache/Boot.ddc.
[2015.05.09-16.28.22:206][  0]LogInit: Texture streaming: Enabled
[2015.05.09-16.28.22:338][  0]LogAnalytics: Creating configured Analytics provider AnalyticsET